-------------------------------------------------------------------------------
Test set: controller.HuoneControllerTest
-------------------------------------------------------------------------------
Tests run: 6, Failures: 1, Errors: 4, Skipped: 0, Time elapsed: 18.097 s <<< FAILURE! - in controller.HuoneControllerTest
controller.HuoneControllerTest.testFindHuoneetByHoteliId  Time elapsed: 17.252 s  <<< ERROR!
java.lang.NullPointerException: Cannot invoke "model.enteties.Huone.getHotelli_id()" because the return value of "controller.HuoneController.findHuoneById(int)" is null
	at controller.HuoneControllerTest.testFindHuoneetByHoteliId(HuoneControllerTest.java:35)

controller.HuoneControllerTest.updateHuoneById  Time elapsed: 0.012 s  <<< ERROR!
java.lang.NullPointerException: Cannot invoke "model.enteties.Huone.getHuone_nro()" because the return value of "controller.HuoneController.findHuoneById(int)" is null
	at controller.HuoneControllerTest.updateHuoneById(HuoneControllerTest.java:69)

controller.HuoneControllerTest.findHuoneByTila  Time elapsed: 0.607 s  <<< ERROR!
java.lang.NullPointerException: Cannot invoke "java.util.List.iterator()" because "huoneList" is null
	at controller.HuoneControllerTest.findHuoneByTila(HuoneControllerTest.java:49)

controller.HuoneControllerTest.testFindHuoneById  Time elapsed: 0.005 s  <<< ERROR!
java.lang.NullPointerException: Cannot invoke "model.enteties.Huone.getHuone_id()" because the return value of "controller.HuoneController.findHuoneById(int)" is null
	at controller.HuoneControllerTest.testFindHuoneById(HuoneControllerTest.java:28)

controller.HuoneControllerTest.findHuoneByTyyppi  Time elapsed: 0.012 s  <<< FAILURE!
org.opentest4j.AssertionFailedError: expected: not <null>
	at controller.HuoneControllerTest.findHuoneByTyyppi(HuoneControllerTest.java:58)

