<?xml version="1.0" encoding="UTF-8"?>
<testsuite xmlns:xsi="http://www.w3.org/2001/XMLSchema-instance" xsi:noNamespaceSchemaLocation="https://maven.apache.org/surefire/maven-surefire-plugin/xsd/surefire-test-report-3.0.xsd" version="3.0" name="controller.LaskuControllerTest" time="0.17" tests="6" errors="5" skipped="0" failures="0">
  <properties>
[...]
</properties>
  <testcase name="updateLaskuById" classname="controller.LaskuControllerTest" time="0.009">
    <error type="java.lang.NullPointerException"><![CDATA[java.lang.NullPointerException: Cannot invoke "model.enteties.Lasku.getMaksuStatus()" because the return value of "controller.LaskuController.findLaskuById(int)" is null
	at controller.LaskuControllerTest.updateLaskuById(LaskuControllerTest.java:52)
]]></error>
    <system-out><![CDATA[Hibernate: select l1_0.lasku_id,l1_0.asiakas_id,l1_0.maksu_status,l1_0.valuutta,l1_0.varaus_muoto from lasku l1_0 where l1_0.lasku_id=?
Hibernate: select l1_0.lasku_id,l1_0.asiakas_id,l1_0.maksu_status,l1_0.valuutta,l1_0.varaus_muoto from lasku l1_0 where l1_0.lasku_id=?
Hibernate: select l1_0.lasku_id,l1_0.asiakas_id,l1_0.maksu_status,l1_0.valuutta,l1_0.varaus_muoto from lasku l1_0 where l1_0.lasku_id=?
]]></system-out>
  </testcase>
  <testcase name="testAddLasku" classname="controller.LaskuControllerTest" time="0.12">
    <error type="jakarta.persistence.PersistenceException"><![CDATA[jakarta.persistence.PersistenceException: Converting `org.hibernate.exception.ConstraintViolationException` to JPA `PersistenceException` : could not execute statement
	at controller.LaskuControllerTest.testAddLasku(LaskuControllerTest.java:21)
Caused by: org.hibernate.exception.ConstraintViolationException: could not execute statement
	at controller.LaskuControllerTest.testAddLasku(LaskuControllerTest.java:21)
Caused by: java.sql.SQLIntegrityConstraintViolationException: (conn=101) Cannot add or update a child row: a foreign key constraint fails (`hotelli_db`.`lasku`, CONSTRAINT `lasku_ibfk_1` FOREIGN KEY (`asiakas_id`) REFERENCES `asiakas` (`asiakas_id`))
	at controller.LaskuControllerTest.testAddLasku(LaskuControllerTest.java:21)
]]></error>
    <system-out><![CDATA[Hibernate: select l1_0.lasku_id,l1_0.asiakas_id,l1_0.maksu_status,l1_0.valuutta,l1_0.varaus_muoto from lasku l1_0
Lasku lista on tyhje.
Hibernate: insert into lasku (asiakas_id, maksu_status, valuutta, varaus_muoto) values (?, ?, ?, ?)
]]></system-out>
  </testcase>
  <testcase name="findAllLaskut" classname="controller.LaskuControllerTest" time="0.013">
    <error type="java.lang.NullPointerException"><![CDATA[java.lang.NullPointerException: Cannot invoke "java.util.List.isEmpty()" because "laskuList" is null
	at controller.LaskuControllerTest.findAllLaskut(LaskuControllerTest.java:66)
]]></error>
    <system-out><![CDATA[Hibernate: select l1_0.lasku_id,l1_0.asiakas_id,l1_0.maksu_status,l1_0.valuutta,l1_0.varaus_muoto from lasku l1_0
Lasku lista on tyhje.
]]></system-out>
  </testcase>
  <testcase name="testFindLaskuById" classname="controller.LaskuControllerTest" time="0.003">
    <error type="java.lang.NullPointerException"><![CDATA[java.lang.NullPointerException: Cannot invoke "model.enteties.Lasku.getLaskuId()" because "lasku" is null
	at controller.LaskuControllerTest.testFindLaskuById(LaskuControllerTest.java:31)
]]></error>
    <system-out><![CDATA[Hibernate: select l1_0.lasku_id,l1_0.asiakas_id,l1_0.maksu_status,l1_0.valuutta,l1_0.varaus_muoto from lasku l1_0 where l1_0.lasku_id=?
]]></system-out>
  </testcase>
  <testcase name="TestRemoveLaskuById" classname="controller.LaskuControllerTest" time="0.007">
    <system-out><![CDATA[Hibernate: select l1_0.lasku_id,l1_0.asiakas_id,l1_0.maksu_status,l1_0.valuutta,l1_0.varaus_muoto from lasku l1_0 where l1_0.lasku_id=?
Laskua ei löytynyt id:llä 15
Hibernate: select l1_0.lasku_id,l1_0.asiakas_id,l1_0.maksu_status,l1_0.valuutta,l1_0.varaus_muoto from lasku l1_0 where l1_0.lasku_id=?
]]></system-out>
  </testcase>
  <testcase name="testFindLaskuByAsiakasId" classname="controller.LaskuControllerTest" time="0.006">
    <error type="java.lang.NullPointerException"><![CDATA[java.lang.NullPointerException: Cannot invoke "java.util.List.isEmpty()" because "laskuList" is null
	at controller.LaskuControllerTest.testFindLaskuByAsiakasId(LaskuControllerTest.java:37)
]]></error>
    <system-out><![CDATA[Hibernate: select l1_0.lasku_id,l1_0.asiakas_id,l1_0.maksu_status,l1_0.valuutta,l1_0.varaus_muoto from lasku l1_0 where l1_0.asiakas_id=?
Laskua ei löytynyt asiakas id:llä 1
]]></system-out>
  </testcase>
</testsuite>