<?xml version="1.0" encoding="UTF-8"?>
<testsuite xmlns:xsi="http://www.w3.org/2001/XMLSchema-instance" xsi:noNamespaceSchemaLocation="https://maven.apache.org/surefire/maven-surefire-plugin/xsd/surefire-test-report-3.0.xsd" version="3.0" name="app.RegistrationGuiTest" time="8.403" tests="3" errors="0" skipped="0" failures="0">
  <properties>
[...]
</properties>
  <testcase name="testHandleRegister_EmptyFields" classname="app.RegistrationGuiTest" time="1.174">
    <system-err><![CDATA[Oct 01, 2024 11:18:44 AM com.sun.javafx.application.PlatformImpl startup
WARNING: Unsupported JavaFX configuration: classes were loaded from 'unnamed module @525f1e4e'
]]></system-err>
  </testcase>
  <testcase name="testHandleRegister_Success" classname="app.RegistrationGuiTest" time="4.094"/>
  <testcase name="testHandleRegister_EmailAlreadyExists" classname="app.RegistrationGuiTest" time="0.106"/>
</testsuite>