<?xml version="1.0" encoding="UTF-8"?>
<testsuite xmlns:xsi="http://www.w3.org/2001/XMLSchema-instance" xsi:noNamespaceSchemaLocation="https://maven.apache.org/surefire/maven-surefire-plugin/xsd/surefire-test-report-3.0.xsd" version="3.0" name="model.DAO.KayttajaDAOTest" time="0.103" tests="1" errors="0" skipped="0" failures="0">
  <properties>
[...]
</properties>
  <testcase name="testi" classname="model.DAO.KayttajaDAOTest" time="0.103">
    <system-out><![CDATA[Hibernate: insert into kayttaja (etunimi, puh, rooli, salasana, sposti, sukunimi) values (?, ?, ?, ?, ?, ?)
Hibernate: select k1_0.kayttaja_id,k1_0.etunimi,k1_0.puh,k1_0.rooli,k1_0.salasana,k1_0.sposti,k1_0.sukunimi from kayttaja k1_0 where k1_0.kayttaja_id=?
Hibernate: select k1_0.salasana from kayttaja k1_0 where k1_0.sposti=?
Hibernate: select k1_0.kayttaja_id,k1_0.etunimi,k1_0.puh,k1_0.rooli,k1_0.salasana,k1_0.sposti,k1_0.sukunimi from kayttaja k1_0 where k1_0.kayttaja_id=?
Käyttäjän tiedot päivitetty onnistuneesti!
Hibernate: update kayttaja set etunimi=?, puh=?, rooli=?, salasana=?, sposti=?, sukunimi=? where kayttaja_id=?
Hibernate: select k1_0.kayttaja_id,k1_0.etunimi,k1_0.puh,k1_0.rooli,k1_0.salasana,k1_0.sposti,k1_0.sukunimi from kayttaja k1_0 where k1_0.kayttaja_id=?
Hibernate: select k1_0.kayttaja_id,k1_0.etunimi,k1_0.puh,k1_0.rooli,k1_0.salasana,k1_0.sposti,k1_0.sukunimi from kayttaja k1_0 where k1_0.sposti=?
Salasana vaihdettu onnistuneesti käyttäjälle: user.test@example.com
Hibernate: update kayttaja set etunimi=?, puh=?, rooli=?, salasana=?, sposti=?, sukunimi=? where kayttaja_id=?
Hibernate: select k1_0.salasana from kayttaja k1_0 where k1_0.sposti=?
Hibernate: select k1_0.kayttaja_id,k1_0.etunimi,k1_0.puh,k1_0.rooli,k1_0.salasana,k1_0.sposti,k1_0.sukunimi from kayttaja k1_0
Hibernate: select k1_0.kayttaja_id,k1_0.etunimi,k1_0.puh,k1_0.rooli,k1_0.salasana,k1_0.sposti,k1_0.sukunimi from kayttaja k1_0 where k1_0.kayttaja_id=?
Käyttäjän tiedot päivitetty onnistuneesti!
Hibernate: update kayttaja set etunimi=?, puh=?, rooli=?, salasana=?, sposti=?, sukunimi=? where kayttaja_id=?
Hibernate: select k1_0.kayttaja_id,k1_0.etunimi,k1_0.puh,k1_0.rooli,k1_0.salasana,k1_0.sposti,k1_0.sukunimi from kayttaja k1_0 where k1_0.kayttaja_id=?
Hibernate: select count(k1_0.kayttaja_id) from kayttaja k1_0 where k1_0.sposti=?
Hibernate: select count(k1_0.kayttaja_id) from kayttaja k1_0 where k1_0.sposti=?
Hibernate: select k1_0.rooli from kayttaja k1_0 where k1_0.sposti=?
Hibernate: select k1_0.kayttaja_id,k1_0.etunimi,k1_0.puh,k1_0.rooli,k1_0.salasana,k1_0.sposti,k1_0.sukunimi from kayttaja k1_0 where k1_0.kayttaja_id=?
Kayttaja poistettu onnistuneesti!
Hibernate: delete from kayttaja where kayttaja_id=?
Hibernate: select k1_0.kayttaja_id,k1_0.etunimi,k1_0.puh,k1_0.rooli,k1_0.salasana,k1_0.sposti,k1_0.sukunimi from kayttaja k1_0 where k1_0.kayttaja_id=?
]]></system-out>
  </testcase>
</testsuite>