<?xml version="1.0" encoding="UTF-8"?>
<testsuite xmlns:xsi="http://www.w3.org/2001/XMLSchema-instance" xsi:noNamespaceSchemaLocation="https://maven.apache.org/surefire/maven-surefire-plugin/xsd/surefire-test-report-3.0.xsd" version="3.0" name="controller.HuoneControllerTest" time="5.915" tests="4" errors="1" skipped="0" failures="1">
  <properties>
[...]
</properties>
  <testcase name="testFindHuoneetByHoteliId" classname="controller.HuoneControllerTest" time="5.125">
    <system-out><![CDATA[Hibernate: select h1_0.huone_id,h1_0.hotelli_id,h1_0.huone_hinta,h1_0.huone_nro,h1_0.huone_tila,h1_0.huone_tyyppi from huone h1_0 where h1_0.huone_id=?
Hibernate: select h1_0.huone_id,h1_0.hotelli_id,h1_0.huone_hinta,h1_0.huone_nro,h1_0.huone_tila,h1_0.huone_tyyppi from huone h1_0 where h1_0.huone_id=?
]]></system-out>
  </testcase>
  <testcase name="findHuoneByTila" classname="controller.HuoneControllerTest" time="0.694">
    <failure type="org.opentest4j.AssertionFailedError"><![CDATA[org.opentest4j.AssertionFailedError: expected: <varattu> but was: <Varattu>
	at controller.HuoneControllerTest.findHuoneByTila(HuoneControllerTest.java:31)
]]></failure>
    <system-out><![CDATA[Hibernate: select h1_0.huone_id,h1_0.hotelli_id,h1_0.huone_hinta,h1_0.huone_nro,h1_0.huone_tila,h1_0.huone_tyyppi from huone h1_0 where h1_0.huone_tila=?
]]></system-out>
  </testcase>
  <testcase name="testFindHuoneById" classname="controller.HuoneControllerTest" time="0.008">
    <system-out><![CDATA[Hibernate: select h1_0.huone_id,h1_0.hotelli_id,h1_0.huone_hinta,h1_0.huone_nro,h1_0.huone_tila,h1_0.huone_tyyppi from huone h1_0 where h1_0.huone_id=?
Hibernate: select h1_0.huone_id,h1_0.hotelli_id,h1_0.huone_hinta,h1_0.huone_nro,h1_0.huone_tila,h1_0.huone_tyyppi from huone h1_0 where h1_0.huone_id=?
]]></system-out>
  </testcase>
  <testcase name="testFindHuoneByTyyppi" classname="controller.HuoneControllerTest" time="0.006">
    <error type="java.lang.NullPointerException"><![CDATA[java.lang.NullPointerException: Cannot invoke "java.util.List.iterator()" because "huoneet" is null
	at controller.HuoneControllerTest.testFindHuoneByTyyppi(HuoneControllerTest.java:39)
]]></error>
    <system-out><![CDATA[Hibernate: select h1_0.huone_id,h1_0.hotelli_id,h1_0.huone_hinta,h1_0.huone_nro,h1_0.huone_tila,h1_0.huone_tyyppi from huone h1_0 where h1_0.huone_tyyppi=?
]]></system-out>
  </testcase>
</testsuite>